  Using 'git status' to determine working set for adaptive non-unity build (D:\PPP).
  Building MyProjectEditor...
  Using Visual Studio 2019 14.27.29112 toolchain (C:\Program Files (x86)\Microsoft Visual Studio\2019\Community\VC\Tools\MSVC\14.27.29110) and Windows 10.0.18362.0 SDK (C:\Program Files (x86)\Windows Kits\10).
  Building 4 actions with 4 processes...
    [1/4] AbilityComponent.cpp
D:\PPP\MyProject\Source\MyProject\AbilityComponent.cpp(26): error C2440: '<function-style-cast>': cannot convert from 'initializer list' to 'FName'
    D:\PPP\MyProject\Source\MyProject\AbilityComponent.cpp(26): note: No constructor could take the source type, or constructor overload resolution was ambiguous
D:\PPP\MyProject\Source\MyProject\AbilityComponent.cpp(26): error C2143: syntax error: missing ')' before ';'
D:\PPP\MyProject\Source\MyProject\AbilityComponent.cpp(26): error C2672: 'UDataTable::FindRow': no matching overloaded function found
D:\PPP\MyProject\Source\MyProject\AbilityComponent.cpp(26): error C2780: 'T *UDataTable::FindRow(FName,const FString &,bool) const': expects 3 arguments - 1 provided
    D:\games\UE_4.25\Engine\Source\Runtime\Engine\Classes\Engine/DataTable.h(232): note: see declaration of 'UDataTable::FindRow'
D:\PPP\MyProject\Source\MyProject\AbilityComponent.cpp(26): error C2780: 'T *UDataTable::FindRow(FName,const TCHAR *,bool) const': expects 3 arguments - 1 provided
    D:\games\UE_4.25\Engine\Source\Runtime\Engine\Classes\Engine/DataTable.h(195): note: see declaration of 'UDataTable::FindRow'
C:\Program Files (x86)\Microsoft Visual Studio\2019\Community\MSBuild\Microsoft\VC\v160\Microsoft.MakeFile.Targets(46,5): error MSB3073: The command "C:\WINDOWS\System32\chcp.com 65001 >NUL 
C:\Program Files (x86)\Microsoft Visual Studio\2019\Community\MSBuild\Microsoft\VC\v160\Microsoft.MakeFile.Targets(46,5): error MSB3073:  D:\games\UE_4.25\Engine\Build\BatchFiles\Build.bat MyProjectEditor Win64 Development -Project="D:\PPP\MyProject\MyProject.uproject" -WaitMutex -FromMsBuild" exited with code 6.
