Log file open, 11/29/20 10:20:31
LogInit: Display: Running engine for game: TheTravelersJourney
LogPlatformFile: Not using cached read wrapper
LogTaskGraph: Started task graph with 5 named threads and 14 total threads with 3 sets of task threads.
LogStats: Stats thread started at 0.246759
LogD3D11RHI: Loaded GFSDK_Aftermath_Lib.x64.dll
LogICUInternationalization: ICU TimeZone Detection - Raw Offset: +1:00, Platform Override: ''
LogPluginManager: Mounting plugin Paper2D
LogPluginManager: Mounting plugin AISupport
LogPluginManager: Mounting plugin LightPropagationVolume
LogPluginManager: Mounting plugin CameraShakePreviewer
LogPluginManager: Mounting plugin ActorLayerUtilities
LogPluginManager: Mounting plugin AnimationSharing
LogPluginManager: Mounting plugin CLionSourceCodeAccess
LogPluginManager: Mounting plugin CodeLiteSourceCodeAccess
LogPluginManager: Mounting plugin GitSourceControl
LogPluginManager: Mounting plugin KDevelopSourceCodeAccess
LogPluginManager: Mounting plugin NullSourceCodeAccess
LogPluginManager: Mounting plugin PerforceSourceControl
LogPluginManager: Mounting plugin PlasticSourceControl
LogPluginManager: Mounting plugin RiderSourceCodeAccess
LogPluginManager: Mounting plugin SubversionSourceControl
LogPluginManager: Mounting plugin UObjectPlugin
LogPluginManager: Mounting plugin VisualStudioCodeSourceCodeAccess
LogPluginManager: Mounting plugin VisualStudioSourceCodeAccess
LogPluginManager: Mounting plugin XCodeSourceCodeAccess
LogPluginManager: Mounting plugin AssetManagerEditor
LogPluginManager: Mounting plugin CryptoKeys
LogPluginManager: Mounting plugin CurveEditorTools
LogPluginManager: Mounting plugin DataValidation
LogPluginManager: Mounting plugin EditorScriptingUtilities
LogPluginManager: Mounting plugin FacialAnimation
LogPluginManager: Mounting plugin GameplayTagsEditor
LogPluginManager: Mounting plugin GeometryMode
LogPluginManager: Mounting plugin MacGraphicsSwitching
LogPluginManager: Mounting plugin MaterialAnalyzer
LogPluginManager: Mounting plugin MobileLauncherProfileWizard
LogPluginManager: Mounting plugin PluginBrowser
LogPluginManager: Mounting plugin SpeedTreeImporter
LogPluginManager: Mounting plugin DatasmithContent
LogPluginManager: Mounting plugin VariantManagerContent
LogPluginManager: Mounting plugin AlembicImporter
LogPluginManager: Mounting plugin AutomationUtils
LogPluginManager: Mounting plugin BackChannel
LogPluginManager: Mounting plugin ChaosCloth
LogPluginManager: Mounting plugin ChaosClothEditor
LogPluginManager: Mounting plugin ChaosEditor
LogPluginManager: Mounting plugin ChaosNiagara
LogPluginManager: Mounting plugin ChaosSolverPlugin
LogPluginManager: Mounting plugin CharacterAI
LogPluginManager: Mounting plugin GeometryCache
LogPluginManager: Mounting plugin GeometryCollectionPlugin
LogPluginManager: Mounting plugin GeometryProcessing
LogPluginManager: Mounting plugin PlanarCut
LogPluginManager: Mounting plugin PlatformCrypto
LogPluginManager: Mounting plugin ProxyLODPlugin
LogPluginManager: Mounting plugin SkeletalReduction
LogPluginManager: Mounting plugin Niagara
LogPluginManager: Mounting plugin MagicLeap
LogPluginManager: Mounting plugin MagicLeapLightEstimation
LogPluginManager: Mounting plugin MagicLeapMedia
LogPluginManager: Mounting plugin MagicLeapPassableWorld
LogPluginManager: Mounting plugin MLSDK
LogPluginManager: Mounting plugin AndroidMedia
LogPluginManager: Mounting plugin AvfMedia
LogPluginManager: Mounting plugin ImgMedia
LogPluginManager: Mounting plugin MediaCompositing
LogPluginManager: Mounting plugin MediaPlayerEditor
LogPluginManager: Mounting plugin WebMMedia
LogPluginManager: Mounting plugin WmfMedia
LogPluginManager: Mounting plugin MeshPainting
LogPluginManager: Mounting plugin TcpMessaging
LogPluginManager: Mounting plugin UdpMessaging
LogPluginManager: Mounting plugin ActorSequence
LogPluginManager: Mounting plugin LevelSequenceEditor
LogPluginManager: Mounting plugin MatineeToLevelSequence
LogPluginManager: Mounting plugin MovieRenderPipeline
LogPluginManager: Mounting plugin TemplateSequence
LogPluginManager: Mounting plugin NetcodeUnitTest
LogPluginManager: Mounting plugin NUTUnrealEngine4
LogPluginManager: Mounting plugin OnlineSubsystemGooglePlay
LogPluginManager: Mounting plugin OnlineSubsystemIOS
LogPluginManager: Mounting plugin OnlineSubsystem
LogPluginManager: Mounting plugin OnlineSubsystemNull
LogPluginManager: Mounting plugin OnlineSubsystemUtils
LogPluginManager: Mounting plugin LauncherChunkInstaller
LogPluginManager: Mounting plugin AndroidDeviceProfileSelector
LogPluginManager: Mounting plugin AndroidMoviePlayer
LogPluginManager: Mounting plugin AndroidPermission
LogPluginManager: Mounting plugin AppleImageUtils
LogPluginManager: Mounting plugin AppleMoviePlayer
LogPluginManager: Mounting plugin ArchVisCharacter
LogPluginManager: Mounting plugin AssetTags
LogPluginManager: Mounting plugin AudioCapture
LogPluginManager: Mounting plugin CableComponent
LogPluginManager: Mounting plugin CustomMeshComponent
LogPluginManager: Mounting plugin EditableMesh
LogPluginManager: Mounting plugin ExampleDeviceProfileSelector
LogPluginManager: Mounting plugin GoogleCloudMessaging
LogPluginManager: Mounting plugin GooglePAD
LogPluginManager: Mounting plugin IOSDeviceProfileSelector
LogPluginManager: Mounting plugin LinuxDeviceProfileSelector
LogPluginManager: Mounting plugin LocationServicesBPLibrary
LogPluginManager: Mounting plugin MobilePatchingUtils
LogPluginManager: Mounting plugin OculusVR
LogPluginManager: Mounting plugin PhysXVehicles
LogPluginManager: Mounting plugin PostSplashScreen
LogPluginManager: Mounting plugin ProceduralMeshComponent
LogPluginManager: Mounting plugin RuntimePhysXCooking
LogPluginManager: Mounting plugin SignificanceManager
LogPluginManager: Mounting plugin SoundFields
LogPluginManager: Mounting plugin SteamVR
LogPluginManager: Mounting plugin Synthesis
LogPluginManager: Mounting plugin WebMMoviePlayer
LogPluginManager: Mounting plugin WindowsMoviePlayer
LogPluginManager: Mounting plugin ScreenshotTools
LogInit: Warning: Incompatible or missing module: TheTravelersJourney
Running D:/games/UE_4.25/Engine/Binaries/DotNET/UnrealBuildTool.exe Development Win64 -Project="D:/PPP/TheTravelersJourney/TheTravelersJourney.uproject" -TargetType=Editor -Progress -NoEngineChanges -NoHotReloadFromIDE
Using 'git status' to determine working set for adaptive non-unity build (D:\PPP).
@progress push 5%
@progress pop
Building TheTravelersJourneyEditor...
Using Visual Studio 2019 14.27.29112 toolchain (C:\Program Files (x86)\Microsoft Visual Studio\2019\Community\VC\Tools\MSVC\14.27.29110) and Windows 10.0.18362.0 SDK (C:\Program Files (x86)\Windows Kits\10).
Building 13 actions with 4 processes...
  @progress 'Compiling C++ source code...' 0%
  @progress 'Compiling C++ source code...' 8%
  [1/13] TestActor.gen.cpp
  D:\PPP\TheTravelersJourney\Source\TheTravelersJourney/TestActor.h(10): error C2079: 'ATestActor' uses undefined class 'MYPROJECT_API'
  D:\PPP\TheTravelersJourney\Source\TheTravelersJourney/TestActor.h(10): error C2143: syntax error: missing ';' before ':'
  D:\PPP\TheTravelersJourney\Source\TheTravelersJourney/TestActor.h(10): error C2059: syntax error: ':'
  D:\PPP\TheTravelersJourney\Source\TheTravelersJourney/TestActor.h(10): error C2059: syntax error: 'public'
  D:\PPP\TheTravelersJourney\Source\TheTravelersJourney/TestActor.h(11): error C2143: syntax error: missing ';' before '{'
  D:\PPP\TheTravelersJourney\Source\TheTravelersJourney/TestActor.h(11): error C2447: '{': missing function header (old-style formal list?)
  D:\PPP\TheTravelersJourney\Intermediate\Build\Win64\UE4Editor\Inc\TheTravelersJourney\TestActor.gen.cpp(21): error C2027: use of undefined type 'ATestActor'
  D:\PPP\TheTravelersJourney\Intermediate\Build\Win64\UE4Editor\Inc\TheTravelersJourney\TestActor.generated.h(87): note: see declaration of 'ATestActor'
  D:\PPP\TheTravelersJourney\Intermediate\Build\Win64\UE4Editor\Inc\TheTravelersJourney\TestActor.gen.cpp(26): error C2027: use of undefined type 'ATestActor'
  D:\PPP\TheTravelersJourney\Intermediate\Build\Win64\UE4Editor\Inc\TheTravelersJourney\TestActor.generated.h(87): note: see declaration of 'ATestActor'
  D:\PPP\TheTravelersJourney\Intermediate\Build\Win64\UE4Editor\Inc\TheTravelersJourney\TestActor.gen.cpp(26): error C2672: 'StaticClass': no matching overloaded function found
  D:\PPP\TheTravelersJourney\Intermediate\Build\Win64\UE4Editor\Inc\TheTravelersJourney\TestActor.gen.cpp(26): error C2783: 'UClass *StaticClass(void)': could not deduce template argument for 'ClassType'
  D:\games\UE_4.25\Engine\Source\Runtime\CoreUObject\Public\UObject/ReflectedTypeAccessors.h(13): note: see declaration of 'StaticClass'
  D:\PPP\TheTravelersJourney\Intermediate\Build\Win64\UE4Editor\Inc\TheTravelersJourney\TestActor.gen.cpp(62): error C2615: 'offsetof' cannot be applied to non-class type 'int'
  D:\PPP\TheTravelersJourney\Intermediate\Build\Win64\UE4Editor\Inc\TheTravelersJourney\TestActor.gen.cpp(71): error C2615: 'offsetof' cannot be applied to non-class type 'int'
  D:\PPP\TheTravelersJourney\Intermediate\Build\Win64\UE4Editor\Inc\TheTravelersJourney\TestActor.gen.cpp(77): error C2923: 'TCppClassTypeTraits': 'ATestActor' is not a valid template type argument for parameter 'CPPCLASS'
  D:\PPP\TheTravelersJourney\Source\TheTravelersJourney/TestActor.h(10): note: see declaration of 'ATestActor'
  D:\PPP\TheTravelersJourney\Intermediate\Build\Win64\UE4Editor\Inc\TheTravelersJourney\TestActor.gen.cpp(77): error C2955: 'TCppClassTypeTraits': use of class template requires template argument list
  D:\games\UE_4.25\Engine\Source\Runtime\CoreUObject\Public\UObject/Class.h(2412): note: see declaration of 'TCppClassTypeTraits'
  D:\PPP\TheTravelersJourney\Intermediate\Build\Win64\UE4Editor\Inc\TheTravelersJourney\TestActor.gen.cpp(77): error C4800: Implicit conversion from 'TCppClassTypeTraits<CPPCLASS>::<unnamed-enum-IsAbstract>' to bool. Possible information loss
  D:\PPP\TheTravelersJourney\Intermediate\Build\Win64\UE4Editor\Inc\TheTravelersJourney\TestActor.gen.cpp(78): note: consider using explicit cast or comparison to 0 to avoid this warning
  D:\games\UE_4.25\Engine\Source\Runtime\CoreUObject\Public\UObject/Class.h(2415): note: see declaration of 'TCppClassTypeTraits<CPPCLASS>::<unnamed-enum-IsAbstract>'
  D:\PPP\TheTravelersJourney\Intermediate\Build\Win64\UE4Editor\Inc\TheTravelersJourney\TestActor.gen.cpp(78): warning C4305: 'initializing': truncation from 'TCppClassTypeTraits<CPPCLASS>::<unnamed-enum-IsAbstract>' to 'bool'
  D:\PPP\TheTravelersJourney\Intermediate\Build\Win64\UE4Editor\Inc\TheTravelersJourney\TestActor.gen.cpp(80): error C2027: use of undefined type 'ATestActor'
  D:\PPP\TheTravelersJourney\Intermediate\Build\Win64\UE4Editor\Inc\TheTravelersJourney\TestActor.generated.h(87): note: see declaration of 'ATestActor'
  D:\PPP\TheTravelersJourney\Intermediate\Build\Win64\UE4Editor\Inc\TheTravelersJourney\TestActor.gen.cpp(80): error C2440: 'initializing': cannot convert from 'overloaded-function' to 'UClass *(__cdecl *)(void)'
  D:\PPP\TheTravelersJourney\Intermediate\Build\Win64\UE4Editor\Inc\TheTravelersJourney\TestActor.gen.cpp(80): note: None of the functions with this name in scope match the target type
  D:\PPP\TheTravelersJourney\Intermediate\Build\Win64\UE4Editor\Inc\TheTravelersJourney\TestActor.gen.cpp(103): error C2923: 'TClassCompiledInDefer': 'ATestActor' is not a valid template type argument for parameter 'TClass'
  D:\PPP\TheTravelersJourney\Source\TheTravelersJourney/TestActor.h(10): note: see declaration of 'ATestActor'
  D:\PPP\TheTravelersJourney\Intermediate\Build\Win64\UE4Editor\Inc\TheTravelersJourney\TestActor.gen.cpp(103): error C2514: 'TClassCompiledInDefer': class template cannot be constructed
  D:\games\UE_4.25\Engine\Source\Runtime\CoreUObject\Public\UObject/UObjectBase.h(278): note: see declaration of 'TClassCompiledInDefer'
  D:\PPP\TheTravelersJourney\Intermediate\Build\Win64\UE4Editor\Inc\TheTravelersJourney\TestActor.gen.cpp(103): error C2027: use of undefined type 'ATestActor'
  D:\PPP\TheTravelersJourney\Intermediate\Build\Win64\UE4Editor\Inc\TheTravelersJourney\TestActor.generated.h(87): note: see declaration of 'ATestActor'
  D:\PPP\TheTravelersJourney\Intermediate\Build\Win64\UE4Editor\Inc\TheTravelersJourney\TestActor.gen.cpp(103): error C3861: 'StaticPackage': identifier not found
  D:\PPP\TheTravelersJourney\Intermediate\Build\Win64\UE4Editor\Inc\TheTravelersJourney\TestActor.gen.cpp(103): error C2065: 'StaticClassFlags': undeclared identifier
  D:\PPP\TheTravelersJourney\Intermediate\Build\Win64\UE4Editor\Inc\TheTravelersJourney\TestActor.gen.cpp(103): error C2061: syntax error: identifier 'ATestActor'
  D:\PPP\TheTravelersJourney\Intermediate\Build\Win64\UE4Editor\Inc\TheTravelersJourney\TestActor.gen.cpp(105): error C2912: explicit specialization 'UClass *StaticClass<ATestActor>(void)' is not a specialization of a function template
  D:\PPP\TheTravelersJourney\Intermediate\Build\Win64\UE4Editor\Inc\TheTravelersJourney\TestActor.gen.cpp(106): error C2027: use of undefined type 'ATestActor'
  D:\PPP\TheTravelersJourney\Intermediate\Build\Win64\UE4Editor\Inc\TheTravelersJourney\TestActor.generated.h(87): note: see declaration of 'ATestActor'
  D:\PPP\TheTravelersJourney\Intermediate\Build\Win64\UE4Editor\Inc\TheTravelersJourney\TestActor.gen.cpp(106): error C2672: 'StaticClass': no matching overloaded function found
  D:\PPP\TheTravelersJourney\Intermediate\Build\Win64\UE4Editor\Inc\TheTravelersJourney\TestActor.gen.cpp(106): error C2783: 'UClass *StaticClass(void)': could not deduce template argument for 'ClassType'
  D:\games\UE_4.25\Engine\Source\Runtime\CoreUObject\Public\UObject/ReflectedTypeAccessors.h(13): note: see declaration of 'StaticClass'
  D:\PPP\TheTravelersJourney\Intermediate\Build\Win64\UE4Editor\Inc\TheTravelersJourney\TestActor.gen.cpp(108): error C2027: use of undefined type 'ATestActor'
  D:\PPP\TheTravelersJourney\Intermediate\Build\Win64\UE4Editor\Inc\TheTravelersJourney\TestActor.generated.h(87): note: see declaration of 'ATestActor'
  D:\PPP\TheTravelersJourney\Intermediate\Build\Win64\UE4Editor\Inc\TheTravelersJourney\TestActor.gen.cpp(108): error C2664: 'FCompiledInDefer::FCompiledInDefer(FCompiledInDefer &&)': cannot convert argument 2 from 'UClass *(__cdecl *)(void)' to 'UClass *(__cdecl *)(void)'
  D:\PPP\TheTravelersJourney\Intermediate\Build\Win64\UE4Editor\Inc\TheTravelersJourney\TestActor.gen.cpp(108): note: None of the functions with this name in scope match the target type
  D:\games\UE_4.25\Engine\Source\Runtime\CoreUObject\Public\UObject/UObjectBase.h(303): note: see declaration of 'FCompiledInDefer::FCompiledInDefer'
  D:\PPP\TheTravelersJourney\Intermediate\Build\Win64\UE4Editor\Inc\TheTravelersJourney\TestActor.gen.cpp(109): error C2027: use of undefined type 'ATestActor'
  D:\PPP\TheTravelersJourney\Intermediate\Build\Win64\UE4Editor\Inc\TheTravelersJourney\TestActor.generated.h(87): note: see declaration of 'ATestActor'
  D:\PPP\TheTravelersJourney\Intermediate\Build\Win64\UE4Editor\Inc\TheTravelersJourney\TestActor.gen.cpp(109): error C4430: missing type specifier - int assumed. Note: C++ does not support default-int
  D:\PPP\TheTravelersJourney\Intermediate\Build\Win64\UE4Editor\Inc\TheTravelersJourney\TestActor.gen.cpp(109): error C2550: '{ctor}': constructor initializer lists are only allowed on constructor definitions
  D:\PPP\TheTravelersJourney\Intermediate\Build\Win64\UE4Editor\Inc\TheTravelersJourney\TestActor.gen.cpp(109): error C4508: '{ctor}': function should return a value; 'void' return type assumed
  @progress 'Compiling C++ source code...' 15%
  [2/13] MyCharacter.gen.cpp
  D:\PPP\TheTravelersJourney\Source\TheTravelersJourney/Public/MyCharacter.h(7): fatal error C1083: Cannot open include file: 'MyProject\HealthComponent.h': No such file or directory
  @progress 'Compiling C++ source code...' 23%
  [3/13] AbilityComponent.gen.cpp
  D:\PPP\TheTravelersJourney\Source\TheTravelersJourney\Public\MyCharacter.h(7): fatal error C1083: Cannot open include file: 'MyProject\HealthComponent.h': No such file or directory
  @progress 'Compiling C++ source code...' 31%
  [4/13] MyPlayerController.gen.cpp
  D:\PPP\TheTravelersJourney\Source\TheTravelersJourney/MyPlayerController.h(13): error C2079: 'AMyPlayerController' uses undefined class 'MYPROJECT_API'
  D:\PPP\TheTravelersJourney\Source\TheTravelersJourney/MyPlayerController.h(13): error C2143: syntax error: missing ';' before ':'
  D:\PPP\TheTravelersJourney\Source\TheTravelersJourney/MyPlayerController.h(13): error C2059: syntax error: ':'
  D:\PPP\TheTravelersJourney\Source\TheTravelersJourney/MyPlayerController.h(13): error C2059: syntax error: 'public'
  D:\PPP\TheTravelersJourney\Source\TheTravelersJourney/MyPlayerController.h(14): error C2143: syntax error: missing ';' before '{'
  D:\PPP\TheTravelersJourney\Source\TheTravelersJourney/MyPlayerController.h(14): error C2447: '{': missing function header (old-style formal list?)
  D:\PPP\TheTravelersJourney\Intermediate\Build\Win64\UE4Editor\Inc\TheTravelersJourney\MyPlayerController.gen.cpp(21): error C2027: use of undefined type 'AMyPlayerController'
  D:\PPP\TheTravelersJourney\Intermediate\Build\Win64\UE4Editor\Inc\TheTravelersJourney\MyPlayerController.generated.h(89): note: see declaration of 'AMyPlayerController'
  D:\PPP\TheTravelersJourney\Intermediate\Build\Win64\UE4Editor\Inc\TheTravelersJourney\MyPlayerController.gen.cpp(26): error C2027: use of undefined type 'AMyPlayerController'
  D:\PPP\TheTravelersJourney\Intermediate\Build\Win64\UE4Editor\Inc\TheTravelersJourney\MyPlayerController.generated.h(89): note: see declaration of 'AMyPlayerController'
  D:\PPP\TheTravelersJourney\Intermediate\Build\Win64\UE4Editor\Inc\TheTravelersJourney\MyPlayerController.gen.cpp(26): error C2672: 'StaticClass': no matching overloaded function found
  D:\PPP\TheTravelersJourney\Intermediate\Build\Win64\UE4Editor\Inc\TheTravelersJourney\MyPlayerController.gen.cpp(26): error C2783: 'UClass *StaticClass(void)': could not deduce template argument for 'ClassType'
  D:\games\UE_4.25\Engine\Source\Runtime\CoreUObject\Public\UObject/ReflectedTypeAccessors.h(13): note: see declaration of 'StaticClass'
  D:\PPP\TheTravelersJourney\Intermediate\Build\Win64\UE4Editor\Inc\TheTravelersJourney\MyPlayerController.gen.cpp(50): error C2923: 'TCppClassTypeTraits': 'AMyPlayerController' is not a valid template type argument for parameter 'CPPCLASS'
  D:\PPP\TheTravelersJourney\Source\TheTravelersJourney/MyPlayerController.h(13): note: see declaration of 'AMyPlayerController'
  D:\PPP\TheTravelersJourney\Intermediate\Build\Win64\UE4Editor\Inc\TheTravelersJourney\MyPlayerController.gen.cpp(50): error C2955: 'TCppClassTypeTraits': use of class template requires template argument list
  D:\games\UE_4.25\Engine\Source\Runtime\CoreUObject\Public\UObject/Class.h(2412): note: see declaration of 'TCppClassTypeTraits'
  D:\PPP\TheTravelersJourney\Intermediate\Build\Win64\UE4Editor\Inc\TheTravelersJourney\MyPlayerController.gen.cpp(50): error C4800: Implicit conversion from 'TCppClassTypeTraits<CPPCLASS>::<unnamed-enum-IsAbstract>' to bool. Possible information loss
  D:\PPP\TheTravelersJourney\Intermediate\Build\Win64\UE4Editor\Inc\TheTravelersJourney\MyPlayerController.gen.cpp(51): note: consider using explicit cast or comparison to 0 to avoid this warning
  D:\games\UE_4.25\Engine\Source\Runtime\CoreUObject\Public\UObject/Class.h(2415): note: see declaration of 'TCppClassTypeTraits<CPPCLASS>::<unnamed-enum-IsAbstract>'
  D:\PPP\TheTravelersJourney\Intermediate\Build\Win64\UE4Editor\Inc\TheTravelersJourney\MyPlayerController.gen.cpp(51): warning C4305: 'initializing': truncation from 'TCppClassTypeTraits<CPPCLASS>::<unnamed-enum-IsAbstract>' to 'bool'
  D:\PPP\TheTravelersJourney\Intermediate\Build\Win64\UE4Editor\Inc\TheTravelersJourney\MyPlayerController.gen.cpp(53): error C2027: use of undefined type 'AMyPlayerController'
  D:\PPP\TheTravelersJourney\Intermediate\Build\Win64\UE4Editor\Inc\TheTravelersJourney\MyPlayerController.generated.h(89): note: see declaration of 'AMyPlayerController'
  D:\PPP\TheTravelersJourney\Intermediate\Build\Win64\UE4Editor\Inc\TheTravelersJourney\MyPlayerController.gen.cpp(53): error C2440: 'initializing': cannot convert from 'overloaded-function' to 'UClass *(__cdecl *)(void)'
  D:\PPP\TheTravelersJourney\Intermediate\Build\Win64\UE4Editor\Inc\TheTravelersJourney\MyPlayerController.gen.cpp(53): note: None of the functions with this name in scope match the target type
  D:\PPP\TheTravelersJourney\Intermediate\Build\Win64\UE4Editor\Inc\TheTravelersJourney\MyPlayerController.gen.cpp(76): error C2923: 'TClassCompiledInDefer': 'AMyPlayerController' is not a valid template type argument for parameter 'TClass'
  D:\PPP\TheTravelersJourney\Source\TheTravelersJourney/MyPlayerController.h(13): note: see declaration of 'AMyPlayerController'
  D:\PPP\TheTravelersJourney\Intermediate\Build\Win64\UE4Editor\Inc\TheTravelersJourney\MyPlayerController.gen.cpp(76): error C2514: 'TClassCompiledInDefer': class template cannot be constructed
  D:\games\UE_4.25\Engine\Source\Runtime\CoreUObject\Public\UObject/UObjectBase.h(278): note: see declaration of 'TClassCompiledInDefer'
  D:\PPP\TheTravelersJourney\Intermediate\Build\Win64\UE4Editor\Inc\TheTravelersJourney\MyPlayerController.gen.cpp(76): error C2027: use of undefined type 'AMyPlayerController'
  D:\PPP\TheTravelersJourney\Intermediate\Build\Win64\UE4Editor\Inc\TheTravelersJourney\MyPlayerController.generated.h(89): note: see declaration of 'AMyPlayerController'
  D:\PPP\TheTravelersJourney\Intermediate\Build\Win64\UE4Editor\Inc\TheTravelersJourney\MyPlayerController.gen.cpp(76): error C3861: 'StaticPackage': identifier not found
  D:\PPP\TheTravelersJourney\Intermediate\Build\Win64\UE4Editor\Inc\TheTravelersJourney\MyPlayerController.gen.cpp(76): error C2065: 'StaticClassFlags': undeclared identifier
  D:\PPP\TheTravelersJourney\Intermediate\Build\Win64\UE4Editor\Inc\TheTravelersJourney\MyPlayerController.gen.cpp(76): error C2061: syntax error: identifier 'AMyPlayerController'
  D:\PPP\TheTravelersJourney\Intermediate\Build\Win64\UE4Editor\Inc\TheTravelersJourney\MyPlayerController.gen.cpp(78): error C2912: explicit specialization 'UClass *StaticClass<AMyPlayerController>(void)' is not a specialization of a function template
  D:\PPP\TheTravelersJourney\Intermediate\Build\Win64\UE4Editor\Inc\TheTravelersJourney\MyPlayerController.gen.cpp(79): error C2027: use of undefined type 'AMyPlayerController'
  D:\PPP\TheTravelersJourney\Intermediate\Build\Win64\UE4Editor\Inc\TheTravelersJourney\MyPlayerController.generated.h(89): note: see declaration of 'AMyPlayerController'
  D:\PPP\TheTravelersJourney\Intermediate\Build\Win64\UE4Editor\Inc\TheTravelersJourney\MyPlayerController.gen.cpp(79): error C2672: 'StaticClass': no matching overloaded function found
  D:\PPP\TheTravelersJourney\Intermediate\Build\Win64\UE4Editor\Inc\TheTravelersJourney\MyPlayerController.gen.cpp(79): error C2783: 'UClass *StaticClass(void)': could not deduce template argument for 'ClassType'
  D:\games\UE_4.25\Engine\Source\Runtime\CoreUObject\Public\UObject/ReflectedTypeAccessors.h(13): note: see declaration of 'StaticClass'
  D:\PPP\TheTravelersJourney\Intermediate\Build\Win64\UE4Editor\Inc\TheTravelersJourney\MyPlayerController.gen.cpp(81): error C2027: use of undefined type 'AMyPlayerController'
  D:\PPP\TheTravelersJourney\Intermediate\Build\Win64\UE4Editor\Inc\TheTravelersJourney\MyPlayerController.generated.h(89): note: see declaration of 'AMyPlayerController'
  D:\PPP\TheTravelersJourney\Intermediate\Build\Win64\UE4Editor\Inc\TheTravelersJourney\MyPlayerController.gen.cpp(81): error C2664: 'FCompiledInDefer::FCompiledInDefer(FCompiledInDefer &&)': cannot convert argument 2 from 'UClass *(__cdecl *)(void)' to 'UClass *(__cdecl *)(void)'
  D:\PPP\TheTravelersJourney\Intermediate\Build\Win64\UE4Editor\Inc\TheTravelersJourney\MyPlayerController.gen.cpp(81): note: None of the functions with this name in scope match the target type
  D:\games\UE_4.25\Engine\Source\Runtime\CoreUObject\Public\UObject/UObjectBase.h(303): note: see declaration of 'FCompiledInDefer::FCompiledInDefer'
  D:\PPP\TheTravelersJourney\Intermediate\Build\Win64\UE4Editor\Inc\TheTravelersJourney\MyPlayerController.gen.cpp(82): error C2027: use of undefined type 'AMyPlayerController'
  D:\PPP\TheTravelersJourney\Intermediate\Build\Win64\UE4Editor\Inc\TheTravelersJourney\MyPlayerController.generated.h(89): note: see declaration of 'AMyPlayerController'
  D:\PPP\TheTravelersJourney\Intermediate\Build\Win64\UE4Editor\Inc\TheTravelersJourney\MyPlayerController.gen.cpp(82): error C4430: missing type specifier - int assumed. Note: C++ does not support default-int
  D:\PPP\TheTravelersJourney\Intermediate\Build\Win64\UE4Editor\Inc\TheTravelersJourney\MyPlayerController.gen.cpp(82): error C2550: '{ctor}': constructor initializer lists are only allowed on constructor definitions
  D:\PPP\TheTravelersJourney\Intermediate\Build\Win64\UE4Editor\Inc\TheTravelersJourney\MyPlayerController.gen.cpp(82): error C4508: '{ctor}': function should return a value; 'void' return type assumed
  @progress 'Compiling C++ source code...' 38%
  [5/13] HealthComponent.cpp
  D:\PPP\TheTravelersJourney\Source\TheTravelersJourney\HealthComponent.h(11): error C2079: 'UHealthComponent' uses undefined class 'MYPROJECT_API'
  D:\PPP\TheTravelersJourney\Source\TheTravelersJourney\HealthComponent.h(11): error C2143: syntax error: missing ';' before ':'
  D:\PPP\TheTravelersJourney\Source\TheTravelersJourney\HealthComponent.h(11): error C2059: syntax error: ':'
  D:\PPP\TheTravelersJourney\Source\TheTravelersJourney\HealthComponent.h(11): error C2059: syntax error: 'public'
  D:\PPP\TheTravelersJourney\Source\TheTravelersJourney\HealthComponent.h(12): error C2143: syntax error: missing ';' before '{'
  D:\PPP\TheTravelersJourney\Source\TheTravelersJourney\HealthComponent.h(12): error C2447: '{': missing function header (old-style formal list?)
  D:\PPP\TheTravelersJourney\Source\TheTravelersJourney\HealthComponent.cpp(7): error C2027: use of undefined type 'UHealthComponent'
  D:\PPP\TheTravelersJourney\Intermediate\Build\Win64\UE4Editor\Inc\TheTravelersJourney\HealthComponent.generated.h(103): note: see declaration of 'UHealthComponent'
  D:\PPP\TheTravelersJourney\Source\TheTravelersJourney\HealthComponent.cpp(8): error C4430: missing type specifier - int assumed. Note: C++ does not support default-int
  D:\PPP\TheTravelersJourney\Source\TheTravelersJourney\HealthComponent.cpp(11): error C2065: 'PrimaryComponentTick': undeclared identifier
  D:\PPP\TheTravelersJourney\Source\TheTravelersJourney\HealthComponent.cpp(13): error C2065: 'DefaultHealth': undeclared identifier
  D:\PPP\TheTravelersJourney\Source\TheTravelersJourney\HealthComponent.cpp(14): error C2065: 'Health': undeclared identifier
  D:\PPP\TheTravelersJourney\Source\TheTravelersJourney\HealthComponent.cpp(14): error C2065: 'DefaultHealth': undeclared identifier
  D:\PPP\TheTravelersJourney\Source\TheTravelersJourney\HealthComponent.cpp(15): error C4508: '{ctor}': function should return a value; 'void' return type assumed
  D:\PPP\TheTravelersJourney\Source\TheTravelersJourney\HealthComponent.cpp(18): error C2027: use of undefined type 'UHealthComponent'
  D:\PPP\TheTravelersJourney\Intermediate\Build\Win64\UE4Editor\Inc\TheTravelersJourney\HealthComponent.generated.h(103): note: see declaration of 'UHealthComponent'
  D:\PPP\TheTravelersJourney\Source\TheTravelersJourney\HealthComponent.cpp(20): error C2653: 'Super': is not a class or namespace name
  D:\PPP\TheTravelersJourney\Source\TheTravelersJourney\HealthComponent.cpp(22): error C2065: 'Owner': undeclared identifier
  D:\PPP\TheTravelersJourney\Source\TheTravelersJourney\HealthComponent.cpp(23): error C2065: 'Owner': undeclared identifier
  D:\PPP\TheTravelersJourney\Source\TheTravelersJourney\HealthComponent.cpp(23): error C2355: 'this': can only be referenced inside non-static member functions or non-static data member initializers
  D:\PPP\TheTravelersJourney\Source\TheTravelersJourney\HealthComponent.cpp(23): error C2027: use of undefined type 'UHealthComponent'
  D:\PPP\TheTravelersJourney\Intermediate\Build\Win64\UE4Editor\Inc\TheTravelersJourney\HealthComponent.generated.h(103): note: see declaration of 'UHealthComponent'
  D:\PPP\TheTravelersJourney\Source\TheTravelersJourney\HealthComponent.cpp(23): error C2065: 'TakeDamage': undeclared identifier
  D:\PPP\TheTravelersJourney\Source\TheTravelersJourney\HealthComponent.cpp(28): error C2027: use of undefined type 'UHealthComponent'
  D:\PPP\TheTravelersJourney\Intermediate\Build\Win64\UE4Editor\Inc\TheTravelersJourney\HealthComponent.generated.h(103): note: see declaration of 'UHealthComponent'
  D:\PPP\TheTravelersJourney\Source\TheTravelersJourney\HealthComponent.cpp(34): error C2065: 'Health': undeclared identifier
  D:\PPP\TheTravelersJourney\Source\TheTravelersJourney\HealthComponent.cpp(34): error C2065: 'Health': undeclared identifier
  D:\PPP\TheTravelersJourney\Source\TheTravelersJourney\HealthComponent.cpp(34): error C2065: 'DefaultHealth': undeclared identifier
  D:\PPP\TheTravelersJourney\Source\TheTravelersJourney\HealthComponent.cpp(34): error C2672: 'FMath::Clamp': no matching overloaded function found
  @progress 'Compiling C++ source code...' 46%
  [6/13] MyPlayerController.cpp
  D:\PPP\TheTravelersJourney\Source\TheTravelersJourney\MyPlayerController.h(13): error C2079: 'AMyPlayerController' uses undefined class 'MYPROJECT_API'
  D:\PPP\TheTravelersJourney\Source\TheTravelersJourney\MyPlayerController.h(13): error C2143: syntax error: missing ';' before ':'
  D:\PPP\TheTravelersJourney\Source\TheTravelersJourney\MyPlayerController.h(13): error C2059: syntax error: ':'
  D:\PPP\TheTravelersJourney\Source\TheTravelersJourney\MyPlayerController.h(13): error C2059: syntax error: 'public'
  D:\PPP\TheTravelersJourney\Source\TheTravelersJourney\MyPlayerController.h(14): error C2143: syntax error: missing ';' before '{'
  D:\PPP\TheTravelersJourney\Source\TheTravelersJourney\MyPlayerController.h(14): error C2447: '{': missing function header (old-style formal list?)
  D:\PPP\TheTravelersJourney\Source\TheTravelersJourney\MyPlayerController.cpp(5): fatal error C1083: Cannot open include file: 'MyProject.h': No such file or directory
  @progress 'Compiling C++ source code...' 54%
  [7/13] TestActor.cpp
  D:\PPP\TheTravelersJourney\Source\TheTravelersJourney\TestActor.h(10): error C2079: 'ATestActor' uses undefined class 'MYPROJECT_API'
  D:\PPP\TheTravelersJourney\Source\TheTravelersJourney\TestActor.h(10): error C2143: syntax error: missing ';' before ':'
  D:\PPP\TheTravelersJourney\Source\TheTravelersJourney\TestActor.h(10): error C2059: syntax error: ':'
  D:\PPP\TheTravelersJourney\Source\TheTravelersJourney\TestActor.h(10): error C2059: syntax error: 'public'
  D:\PPP\TheTravelersJourney\Source\TheTravelersJourney\TestActor.h(11): error C2143: syntax error: missing ';' before '{'
  D:\PPP\TheTravelersJourney\Source\TheTravelersJourney\TestActor.h(11): error C2447: '{': missing function header (old-style formal list?)
  D:\PPP\TheTravelersJourney\Source\TheTravelersJourney\TestActor.cpp(7): error C2027: use of undefined type 'ATestActor'
  D:\PPP\TheTravelersJourney\Intermediate\Build\Win64\UE4Editor\Inc\TheTravelersJourney\TestActor.generated.h(87): note: see declaration of 'ATestActor'
  D:\PPP\TheTravelersJourney\Source\TheTravelersJourney\TestActor.cpp(8): error C4430: missing type specifier - int assumed. Note: C++ does not support default-int
  D:\PPP\TheTravelersJourney\Source\TheTravelersJourney\TestActor.cpp(10): error C2065: 'PrimaryActorTick': undeclared identifier
  D:\PPP\TheTravelersJourney\Source\TheTravelersJourney\TestActor.cpp(12): error C4508: '{ctor}': function should return a value; 'void' return type assumed
  D:\PPP\TheTravelersJourney\Source\TheTravelersJourney\TestActor.cpp(15): error C2027: use of undefined type 'ATestActor'
  D:\PPP\TheTravelersJourney\Intermediate\Build\Win64\UE4Editor\Inc\TheTravelersJourney\TestActor.generated.h(87): note: see declaration of 'ATestActor'
  D:\PPP\TheTravelersJourney\Source\TheTravelersJourney\TestActor.cpp(17): error C2653: 'Super': is not a class or namespace name
  D:\PPP\TheTravelersJourney\Source\TheTravelersJourney\TestActor.cpp(22): error C2027: use of undefined type 'ATestActor'
  D:\PPP\TheTravelersJourney\Intermediate\Build\Win64\UE4Editor\Inc\TheTravelersJourney\TestActor.generated.h(87): note: see declaration of 'ATestActor'
  D:\PPP\TheTravelersJourney\Source\TheTravelersJourney\TestActor.cpp(24): error C2653: 'Super': is not a class or namespace name
  D:\PPP\TheTravelersJourney\Source\TheTravelersJourney\TestActor.cpp(26): error C3861: 'GetActorLocation': identifier not found
  D:\PPP\TheTravelersJourney\Source\TheTravelersJourney\TestActor.cpp(27): error C3861: 'GetActorRotation': identifier not found
  D:\PPP\TheTravelersJourney\Source\TheTravelersJourney\TestActor.cpp(28): error C3861: 'GetGameTimeSinceCreation': identifier not found
  D:\PPP\TheTravelersJourney\Source\TheTravelersJourney\TestActor.cpp(30): error C2065: 'FloatSpeed': undeclared identifier
  D:\PPP\TheTravelersJourney\Source\TheTravelersJourney\TestActor.cpp(31): error C2065: 'RotationSpeed': undeclared identifier
  D:\PPP\TheTravelersJourney\Source\TheTravelersJourney\TestActor.cpp(34): error C3861: 'SetActorLocationAndRotation': identifier not found
  @progress 'Compiling C++ source code...' 62%
  [8/13] HealthComponent.gen.cpp
  D:\PPP\TheTravelersJourney\Source\TheTravelersJourney/HealthComponent.h(11): error C2079: 'UHealthComponent' uses undefined class 'MYPROJECT_API'
  D:\PPP\TheTravelersJourney\Source\TheTravelersJourney/HealthComponent.h(11): error C2143: syntax error: missing ';' before ':'
  D:\PPP\TheTravelersJourney\Source\TheTravelersJourney/HealthComponent.h(11): error C2059: syntax error: ':'
  D:\PPP\TheTravelersJourney\Source\TheTravelersJourney/HealthComponent.h(11): error C2059: syntax error: 'public'
  D:\PPP\TheTravelersJourney\Source\TheTravelersJourney/HealthComponent.h(12): error C2143: syntax error: missing ';' before '{'
  D:\PPP\TheTravelersJourney\Source\TheTravelersJourney/HealthComponent.h(12): error C2447: '{': missing function header (old-style formal list?)
  D:\PPP\TheTravelersJourney\Intermediate\Build\Win64\UE4Editor\Inc\TheTravelersJourney\HealthComponent.gen.cpp(25): error C2027: use of undefined type 'UHealthComponent'
  D:\PPP\TheTravelersJourney\Intermediate\Build\Win64\UE4Editor\Inc\TheTravelersJourney\HealthComponent.generated.h(103): note: see declaration of 'UHealthComponent'
  D:\PPP\TheTravelersJourney\Intermediate\Build\Win64\UE4Editor\Inc\TheTravelersJourney\HealthComponent.gen.cpp(34): error C2065: 'ThisClass': undeclared identifier
  D:\PPP\TheTravelersJourney\Intermediate\Build\Win64\UE4Editor\Inc\TheTravelersJourney\HealthComponent.gen.cpp(34): error C2059: syntax error: ')'
  D:\PPP\TheTravelersJourney\Intermediate\Build\Win64\UE4Editor\Inc\TheTravelersJourney\HealthComponent.gen.cpp(37): error C2027: use of undefined type 'UHealthComponent'
  D:\PPP\TheTravelersJourney\Intermediate\Build\Win64\UE4Editor\Inc\TheTravelersJourney\HealthComponent.generated.h(103): note: see declaration of 'UHealthComponent'
  D:\PPP\TheTravelersJourney\Intermediate\Build\Win64\UE4Editor\Inc\TheTravelersJourney\HealthComponent.gen.cpp(39): error C2027: use of undefined type 'UHealthComponent'
  D:\PPP\TheTravelersJourney\Intermediate\Build\Win64\UE4Editor\Inc\TheTravelersJourney\HealthComponent.generated.h(103): note: see declaration of 'UHealthComponent'
  D:\PPP\TheTravelersJourney\Intermediate\Build\Win64\UE4Editor\Inc\TheTravelersJourney\HealthComponent.gen.cpp(39): error C2672: 'StaticClass': no matching overloaded function found
  D:\PPP\TheTravelersJourney\Intermediate\Build\Win64\UE4Editor\Inc\TheTravelersJourney\HealthComponent.gen.cpp(39): error C2783: 'UClass *StaticClass(void)': could not deduce template argument for 'ClassType'
  D:\games\UE_4.25\Engine\Source\Runtime\CoreUObject\Public\UObject/ReflectedTypeAccessors.h(13): note: see declaration of 'StaticClass'
  D:\PPP\TheTravelersJourney\Intermediate\Build\Win64\UE4Editor\Inc\TheTravelersJourney\HealthComponent.gen.cpp(41): error C2027: use of undefined type 'UHealthComponent'
  D:\PPP\TheTravelersJourney\Intermediate\Build\Win64\UE4Editor\Inc\TheTravelersJourney\HealthComponent.generated.h(103): note: see declaration of 'UHealthComponent'
  D:\PPP\TheTravelersJourney\Intermediate\Build\Win64\UE4Editor\Inc\TheTravelersJourney\HealthComponent.gen.cpp(103): error C2027: use of undefined type 'UHealthComponent'
  D:\PPP\TheTravelersJourney\Intermediate\Build\Win64\UE4Editor\Inc\TheTravelersJourney\HealthComponent.generated.h(103): note: see declaration of 'UHealthComponent'
  D:\PPP\TheTravelersJourney\Intermediate\Build\Win64\UE4Editor\Inc\TheTravelersJourney\HealthComponent.gen.cpp(103): error C2672: 'StaticClass': no matching overloaded function found
  D:\PPP\TheTravelersJourney\Intermediate\Build\Win64\UE4Editor\Inc\TheTravelersJourney\HealthComponent.gen.cpp(103): error C2783: 'UClass *StaticClass(void)': could not deduce template argument for 'ClassType'
  D:\games\UE_4.25\Engine\Source\Runtime\CoreUObject\Public\UObject/ReflectedTypeAccessors.h(13): note: see declaration of 'StaticClass'
  D:\PPP\TheTravelersJourney\Intermediate\Build\Win64\UE4Editor\Inc\TheTravelersJourney\HealthComponent.gen.cpp(149): error C2615: 'offsetof' cannot be applied to non-class type 'int'
  D:\PPP\TheTravelersJourney\Intermediate\Build\Win64\UE4Editor\Inc\TheTravelersJourney\HealthComponent.gen.cpp(156): error C2615: 'offsetof' cannot be applied to non-class type 'int'
  D:\PPP\TheTravelersJourney\Intermediate\Build\Win64\UE4Editor\Inc\TheTravelersJourney\HealthComponent.gen.cpp(163): error C2615: 'offsetof' cannot be applied to non-class type 'int'
  D:\PPP\TheTravelersJourney\Intermediate\Build\Win64\UE4Editor\Inc\TheTravelersJourney\HealthComponent.gen.cpp(170): error C2923: 'TCppClassTypeTraits': 'UHealthComponent' is not a valid template type argument for parameter 'CPPCLASS'
  D:\PPP\TheTravelersJourney\Source\TheTravelersJourney/HealthComponent.h(11): note: see declaration of 'UHealthComponent'
  D:\PPP\TheTravelersJourney\Intermediate\Build\Win64\UE4Editor\Inc\TheTravelersJourney\HealthComponent.gen.cpp(170): error C2955: 'TCppClassTypeTraits': use of class template requires template argument list
  D:\games\UE_4.25\Engine\Source\Runtime\CoreUObject\Public\UObject/Class.h(2412): note: see declaration of 'TCppClassTypeTraits'
  D:\PPP\TheTravelersJourney\Intermediate\Build\Win64\UE4Editor\Inc\TheTravelersJourney\HealthComponent.gen.cpp(170): error C4800: Implicit conversion from 'TCppClassTypeTraits<CPPCLASS>::<unnamed-enum-IsAbstract>' to bool. Possible information loss
  D:\PPP\TheTravelersJourney\Intermediate\Build\Win64\UE4Editor\Inc\TheTravelersJourney\HealthComponent.gen.cpp(171): note: consider using explicit cast or comparison to 0 to avoid this warning
  D:\games\UE_4.25\Engine\Source\Runtime\CoreUObject\Public\UObject/Class.h(2415): note: see declaration of 'TCppClassTypeTraits<CPPCLASS>::<unnamed-enum-IsAbstract>'
  D:\PPP\TheTravelersJourney\Intermediate\Build\Win64\UE4Editor\Inc\TheTravelersJourney\HealthComponent.gen.cpp(171): warning C4305: 'initializing': truncation from 'TCppClassTypeTraits<CPPCLASS>::<unnamed-enum-IsAbstract>' to 'bool'
  D:\PPP\TheTravelersJourney\Intermediate\Build\Win64\UE4Editor\Inc\TheTravelersJourney\HealthComponent.gen.cpp(173): error C2027: use of undefined type 'UHealthComponent'
  D:\PPP\TheTravelersJourney\Intermediate\Build\Win64\UE4Editor\Inc\TheTravelersJourney\HealthComponent.generated.h(103): note: see declaration of 'UHealthComponent'
  D:\PPP\TheTravelersJourney\Intermediate\Build\Win64\UE4Editor\Inc\TheTravelersJourney\HealthComponent.gen.cpp(173): error C2440: 'initializing': cannot convert from 'overloaded-function' to 'UClass *(__cdecl *)(void)'
  D:\PPP\TheTravelersJourney\Intermediate\Build\Win64\UE4Editor\Inc\TheTravelersJourney\HealthComponent.gen.cpp(173): note: None of the functions with this name in scope match the target type
  D:\PPP\TheTravelersJourney\Intermediate\Build\Win64\UE4Editor\Inc\TheTravelersJourney\HealthComponent.gen.cpp(196): error C2923: 'TClassCompiledInDefer': 'UHealthComponent' is not a valid template type argument for parameter 'TClass'
  D:\PPP\TheTravelersJourney\Source\TheTravelersJourney/HealthComponent.h(11): note: see declaration of 'UHealthComponent'
  D:\PPP\TheTravelersJourney\Intermediate\Build\Win64\UE4Editor\Inc\TheTravelersJourney\HealthComponent.gen.cpp(196): error C2514: 'TClassCompiledInDefer': class template cannot be constructed
  D:\games\UE_4.25\Engine\Source\Runtime\CoreUObject\Public\UObject/UObjectBase.h(278): note: see declaration of 'TClassCompiledInDefer'
  D:\PPP\TheTravelersJourney\Intermediate\Build\Win64\UE4Editor\Inc\TheTravelersJourney\HealthComponent.gen.cpp(196): error C2027: use of undefined type 'UHealthComponent'
  D:\PPP\TheTravelersJourney\Intermediate\Build\Win64\UE4Editor\Inc\TheTravelersJourney\HealthComponent.generated.h(103): note: see declaration of 'UHealthComponent'
  D:\PPP\TheTravelersJourney\Intermediate\Build\Win64\UE4Editor\Inc\TheTravelersJourney\HealthComponent.gen.cpp(196): error C3861: 'StaticPackage': identifier not found
  D:\PPP\TheTravelersJourney\Intermediate\Build\Win64\UE4Editor\Inc\TheTravelersJourney\HealthComponent.gen.cpp(196): error C2065: 'StaticClassFlags': undeclared identifier
  D:\PPP\TheTravelersJourney\Intermediate\Build\Win64\UE4Editor\Inc\TheTravelersJourney\HealthComponent.gen.cpp(196): error C2061: syntax error: identifier 'UHealthComponent'
  D:\PPP\TheTravelersJourney\Intermediate\Build\Win64\UE4Editor\Inc\TheTravelersJourney\HealthComponent.gen.cpp(198): error C2912: explicit specialization 'UClass *StaticClass<UHealthComponent>(void)' is not a specialization of a function template
  D:\PPP\TheTravelersJourney\Intermediate\Build\Win64\UE4Editor\Inc\TheTravelersJourney\HealthComponent.gen.cpp(199): error C2027: use of undefined type 'UHealthComponent'
  D:\PPP\TheTravelersJourney\Intermediate\Build\Win64\UE4Editor\Inc\TheTravelersJourney\HealthComponent.generated.h(103): note: see declaration of 'UHealthComponent'
  D:\PPP\TheTravelersJourney\Intermediate\Build\Win64\UE4Editor\Inc\TheTravelersJourney\HealthComponent.gen.cpp(199): error C2672: 'StaticClass': no matching overloaded function found
  D:\PPP\TheTravelersJourney\Intermediate\Build\Win64\UE4Editor\Inc\TheTravelersJourney\HealthComponent.gen.cpp(199): error C2783: 'UClass *StaticClass(void)': could not deduce template argument for 'ClassType'
  D:\games\UE_4.25\Engine\Source\Runtime\CoreUObject\Public\UObject/ReflectedTypeAccessors.h(13): note: see declaration of 'StaticClass'
  D:\PPP\TheTravelersJourney\Intermediate\Build\Win64\UE4Editor\Inc\TheTravelersJourney\HealthComponent.gen.cpp(201): error C2027: use of undefined type 'UHealthComponent'
  D:\PPP\TheTravelersJourney\Intermediate\Build\Win64\UE4Editor\Inc\TheTravelersJourney\HealthComponent.generated.h(103): note: see declaration of 'UHealthComponent'
  D:\PPP\TheTravelersJourney\Intermediate\Build\Win64\UE4Editor\Inc\TheTravelersJourney\HealthComponent.gen.cpp(201): error C2664: 'FCompiledInDefer::FCompiledInDefer(FCompiledInDefer &&)': cannot convert argument 2 from 'UClass *(__cdecl *)(void)' to 'UClass *(__cdecl *)(void)'
  D:\PPP\TheTravelersJourney\Intermediate\Build\Win64\UE4Editor\Inc\TheTravelersJourney\HealthComponent.gen.cpp(201): note: None of the functions with this name in scope match the target type
  D:\games\UE_4.25\Engine\Source\Runtime\CoreUObject\Public\UObject/UObjectBase.h(303): note: see declaration of 'FCompiledInDefer::FCompiledInDefer'
  D:\PPP\TheTravelersJourney\Intermediate\Build\Win64\UE4Editor\Inc\TheTravelersJourney\HealthComponent.gen.cpp(202): error C2027: use of undefined type 'UHealthComponent'
  D:\PPP\TheTravelersJourney\Intermediate\Build\Win64\UE4Editor\Inc\TheTravelersJourney\HealthComponent.generated.h(103): note: see declaration of 'UHealthComponent'
  D:\PPP\TheTravelersJourney\Intermediate\Build\Win64\UE4Editor\Inc\TheTravelersJourney\HealthComponent.gen.cpp(202): error C4430: missing type specifier - int assumed. Note: C++ does not support default-int
  D:\PPP\TheTravelersJourney\Intermediate\Build\Win64\UE4Editor\Inc\TheTravelersJourney\HealthComponent.gen.cpp(202): error C2550: '{ctor}': constructor initializer lists are only allowed on constructor definitions
  D:\PPP\TheTravelersJourney\Intermediate\Build\Win64\UE4Editor\Inc\TheTravelersJourney\HealthComponent.gen.cpp(202): error C4508: '{ctor}': function should return a value; 'void' return type assumed
  @progress 'Compiling C++ source code...' 69%
  [9/13] MyCharacter.cpp
  D:\PPP\TheTravelersJourney\Source\TheTravelersJourney\Public\MyCharacter.h(7): fatal error C1083: Cannot open include file: 'MyProject\HealthComponent.h': No such file or directory
  @progress 'Compiling C++ source code...' 77%
  [10/13] AbilityComponent.cpp
  D:\PPP\TheTravelersJourney\Source\TheTravelersJourney\Public\MyCharacter.h(7): fatal error C1083: Cannot open include file: 'MyProject\HealthComponent.h': No such file or directory
LogInit: Warning: Still incompatible or missing module: TheTravelersJourney
LogCore: Engine exit requested (reason: EngineExit() was called)
LogExit: Preparing to exit.
LogModuleManager: Shutting down and abandoning module DesktopPlatform (46)
LogModuleManager: Shutting down and abandoning module PlatformCryptoOpenSSL (44)
LogModuleManager: Shutting down and abandoning module PlatformCryptoTypes (42)
LogModuleManager: Shutting down and abandoning module PlatformCrypto (40)
LogModuleManager: Shutting down and abandoning module AnimationModifiers (38)
LogModuleManager: Shutting down and abandoning module PropertyEditor (37)
LogModuleManager: Shutting down and abandoning module AudioEditor (34)
LogModuleManager: Shutting down and abandoning module TextureCompressor (32)
LogModuleManager: Shutting down and abandoning module RenderCore (30)
LogModuleManager: Shutting down and abandoning module Landscape (28)
LogModuleManager: Shutting down and abandoning module SlateRHIRenderer (26)
LogModuleManager: Shutting down and abandoning module OpenGLDrv (24)
LogModuleManager: Shutting down and abandoning module D3D11RHI (22)
LogModuleManager: Shutting down and abandoning module AnimGraphRuntime (20)
LogModuleManager: Shutting down and abandoning module Renderer (18)
LogModuleManager: Shutting down and abandoning module Engine (16)
LogModuleManager: Shutting down and abandoning module CoreUObject (14)
LogModuleManager: Shutting down and abandoning module NetworkFile (12)
LogModuleManager: Shutting down and abandoning module CookedIterativeFile (10)
LogModuleManager: Shutting down and abandoning module StreamingFile (8)
LogModuleManager: Shutting down and abandoning module SandboxFile (6)
LogModuleManager: Shutting down and abandoning module PakFile (4)
LogModuleManager: Shutting down and abandoning module RSA (3)
LogExit: Exiting.
Log file closed, 11/29/20 10:20:53
